<?xml version="1.0" encoding="UTF-8"?>
<testng-results skipped="0" failed="0" total="5" passed="5">
  <reporter-output>
  </reporter-output>
  <suite name="Command line suite" duration-ms="20" started-at="2014-06-23T12:02:41Z" finished-at="2014-06-23T12:02:41Z">
    <groups>
    </groups>
    <test name="Command line test" duration-ms="20" started-at="2014-06-23T12:02:41Z" finished-at="2014-06-23T12:02:41Z">
      <class name="com.snow.testng.TestEmployeeDetails">
        <test-method status="PASS" signature="testCalculateAppriasal()[pri:0, instance:com.snow.testng.TestEmployeeDetails@2d2e3a2c]" name="testCalculateAppriasal" duration-ms="3" started-at="2014-06-23T20:02:41Z" finished-at="2014-06-23T20:02:41Z">
          <reporter-output>
          </reporter-output>
        </test-method> <!-- testCalculateAppriasal -->
        <test-method status="PASS" signature="testCalculateYearlySalary()[pri:0, instance:com.snow.testng.TestEmployeeDetails@2d2e3a2c]" name="testCalculateYearlySalary" duration-ms="4" started-at="2014-06-23T20:02:41Z" finished-at="2014-06-23T20:02:41Z">
          <reporter-output>
          </reporter-output>
        </test-method> <!-- testCalculateYearlySalary -->
      </class> <!-- com.snow.testng.TestEmployeeDetails -->
      <class name="com.snow.testng.TestngAnnotation">
        <test-method status="PASS" signature="beforeSuite()[pri:0, instance:com.snow.testng.TestngAnnotation@25048104]" name="beforeSuite" is-config="true" duration-ms="8" started-at="2014-06-23T20:02:41Z" finished-at="2014-06-23T20:02:41Z">
          <reporter-output>
          </reporter-output>
        </test-method> <!-- beforeSuite -->
        <test-method status="PASS" signature="beforeTest()[pri:0, instance:com.snow.testng.TestngAnnotation@25048104]" name="beforeTest" is-config="true" duration-ms="1" started-at="2014-06-23T20:02:41Z" finished-at="2014-06-23T20:02:41Z">
          <reporter-output>
          </reporter-output>
        </test-method> <!-- beforeTest -->
        <test-method status="PASS" signature="beforeMethod()[pri:0, instance:com.snow.testng.TestngAnnotation@25048104]" name="beforeMethod" is-config="true" duration-ms="1" started-at="2014-06-23T20:02:41Z" finished-at="2014-06-23T20:02:41Z">
          <reporter-output>
          </reporter-output>
        </test-method> <!-- beforeMethod -->
        <test-method status="PASS" signature="beforeClass()[pri:0, instance:com.snow.testng.TestngAnnotation@25048104]" name="beforeClass" is-config="true" duration-ms="0" started-at="2014-06-23T20:02:41Z" finished-at="2014-06-23T20:02:41Z">
          <reporter-output>
          </reporter-output>
        </test-method> <!-- beforeClass -->
        <test-method status="PASS" signature="afterMethod()[pri:0, instance:com.snow.testng.TestngAnnotation@25048104]" name="afterMethod" is-config="true" duration-ms="0" started-at="2014-06-23T20:02:41Z" finished-at="2014-06-23T20:02:41Z">
          <reporter-output>
          </reporter-output>
        </test-method> <!-- afterMethod -->
        <test-method status="PASS" signature="testCase1()[pri:0, instance:com.snow.testng.TestngAnnotation@25048104]" name="testCase1" duration-ms="0" started-at="2014-06-23T20:02:41Z" finished-at="2014-06-23T20:02:41Z">
          <reporter-output>
          </reporter-output>
        </test-method> <!-- testCase1 -->
        <test-method status="PASS" signature="testCase2()[pri:0, instance:com.snow.testng.TestngAnnotation@25048104]" name="testCase2" duration-ms="0" started-at="2014-06-23T20:02:41Z" finished-at="2014-06-23T20:02:41Z">
          <reporter-output>
          </reporter-output>
        </test-method> <!-- testCase2 -->
        <test-method status="PASS" signature="afterMethod()[pri:0, instance:com.snow.testng.TestngAnnotation@25048104]" name="afterMethod" is-config="true" duration-ms="0" started-at="2014-06-23T20:02:41Z" finished-at="2014-06-23T20:02:41Z">
          <reporter-output>
          </reporter-output>
        </test-method> <!-- afterMethod -->
        <test-method status="PASS" signature="beforeMethod()[pri:0, instance:com.snow.testng.TestngAnnotation@25048104]" name="beforeMethod" is-config="true" duration-ms="0" started-at="2014-06-23T20:02:41Z" finished-at="2014-06-23T20:02:41Z">
          <reporter-output>
          </reporter-output>
        </test-method> <!-- beforeMethod -->
        <test-method status="PASS" signature="afterClass()[pri:0, instance:com.snow.testng.TestngAnnotation@25048104]" name="afterClass" is-config="true" duration-ms="0" started-at="2014-06-23T20:02:41Z" finished-at="2014-06-23T20:02:41Z">
          <reporter-output>
          </reporter-output>
        </test-method> <!-- afterClass -->
        <test-method status="PASS" signature="afterTest()[pri:0, instance:com.snow.testng.TestngAnnotation@25048104]" name="afterTest" is-config="true" duration-ms="0" started-at="2014-06-23T20:02:41Z" finished-at="2014-06-23T20:02:41Z">
          <reporter-output>
          </reporter-output>
        </test-method> <!-- afterTest -->
        <test-method status="PASS" signature="afterSuite()[pri:0, instance:com.snow.testng.TestngAnnotation@25048104]" name="afterSuite" is-config="true" duration-ms="1" started-at="2014-06-23T20:02:41Z" finished-at="2014-06-23T20:02:41Z">
          <reporter-output>
          </reporter-output>
        </test-method> <!-- afterSuite -->
      </class> <!-- com.snow.testng.TestngAnnotation -->
      <class name="com.snow.testng.TestSimple">
        <test-method status="PASS" signature="testAdd()[pri:0, instance:com.snow.testng.TestSimple@2a399fdc]" name="testAdd" duration-ms="1" started-at="2014-06-23T20:02:41Z" finished-at="2014-06-23T20:02:41Z">
          <reporter-output>
          </reporter-output>
        </test-method> <!-- testAdd -->
      </class> <!-- com.snow.testng.TestSimple -->
    </test> <!-- Command line test -->
  </suite> <!-- Command line suite -->
</testng-results>
