<?xml version="1.0" encoding="UTF-8"?>
<!-- Generated by org.testng.reporters.JUnitXMLReporter -->
<testsuite hostname="WIN-7IQ2U8VR53C" name="Command line test" tests="5" failures="0" timestamp="23 Jun 2014 12:02:41 GMT" time="0.02" errors="0">
  <testcase name="testCalculateAppriasal" time="0.003" classname="com.snow.testng.TestEmployeeDetails"/>
  <testcase name="testCalculateYearlySalary" time="0.004" classname="com.snow.testng.TestEmployeeDetails"/>
  <testcase name="testAdd" time="0.001" classname="com.snow.testng.TestSimple"/>
  <testcase name="testCase1" time="0.0" classname="com.snow.testng.TestngAnnotation"/>
  <testcase name="testCase2" time="0.0" classname="com.snow.testng.TestngAnnotation"/>
</testsuite> <!-- Command line test -->
